<?xml version="1.0" encoding="UTF-8"?>
<!-- Generated by org.testng.reporters.JUnitXMLReporter -->
<testsuite ignored="0" hostname="Gopalakrishnan" failures="1" tests="3" name="chrome" time="7.269" errors="0" timestamp="2025-12-25T20:24:12 IST">
  <testcase classname="org.practise.Project_2" name="Method_TWO" time="0.003"/>
  <testcase classname="org.practise.Project_2" name="Method_THREE" time="0.011"/>
  <testcase classname="org.practise.Project_2" name="navenlabs" time="5.995">
    <failure type="java.lang.AssertionError" message="null">
      <![CDATA[java.lang.AssertionError: null
at org.practise.Project_2.navenlabs(Project_2.java:56)
at java.base/java.util.concurrent.Executors$RunnableAdapter.call(Executors.java:572)
at java.base/java.util.concurrent.FutureTask.run(FutureTask.java:317)
at java.base/java.util.concurrent.ThreadPoolExecutor.runWorker(ThreadPoolExecutor.java:1144)
at java.base/java.util.concurrent.ThreadPoolExecutor$Worker.run(ThreadPoolExecutor.java:642)
at java.base/java.lang.Thread.run(Thread.java:1583)
... Removed 13 stack frames]]>
    </failure>
  </testcase> <!-- navenlabs -->
</testsuite> <!-- chrome -->
