<?xml version="1.0" encoding="UTF-8"?>
<testng-results ignored="0" total="2" passed="2" failed="0" skipped="0">
  <reporter-output>
  </reporter-output>
  <suite started-at="2025-12-25T18:35:29 IST" name="Suite" finished-at="2025-12-25T18:35:47 IST" duration-ms="17692">
    <groups>
    </groups>
    <test started-at="2025-12-25T18:35:29 IST" name="chrome" finished-at="2025-12-25T18:35:36 IST" duration-ms="6655">
      <class name="org.testng.Project2">
        <test-method signature="navenlab_Automation(java.lang.String)[pri:0, instance:org.testng.Project2@5fd4f8f5]" started-at="2025-12-25T18:35:29 IST" name="navenlab_Automation" finished-at="2025-12-25T18:35:36 IST" duration-ms="6591" status="PASS">
          <params>
            <param index="0">
              <value>
                <![CDATA[chrome]]>
              </value>
            </param>
          </params>
          <reporter-output>
          </reporter-output>
        </test-method> <!-- navenlab_Automation -->
      </class> <!-- org.testng.Project2 -->
    </test> <!-- chrome -->
    <test started-at="2025-12-25T18:35:36 IST" name="firefox" finished-at="2025-12-25T18:35:47 IST" duration-ms="10956">
      <class name="org.testng.Project2">
        <test-method signature="navenlab_Automation(java.lang.String)[pri:0, instance:org.testng.Project2@2a54a73f]" started-at="2025-12-25T18:35:36 IST" name="navenlab_Automation" finished-at="2025-12-25T18:35:47 IST" duration-ms="10942" status="PASS">
          <params>
            <param index="0">
              <value>
                <![CDATA[firefox]]>
              </value>
            </param>
          </params>
          <reporter-output>
          </reporter-output>
        </test-method> <!-- navenlab_Automation -->
      </class> <!-- org.testng.Project2 -->
    </test> <!-- firefox -->
  </suite> <!-- Suite -->
</testng-results>
