<?xml version="1.0" encoding="UTF-8"?>
<testng-results ignored="0" total="1" passed="1" failed="0" skipped="0">
  <reporter-output>
  </reporter-output>
  <suite started-at="2025-12-25T20:07:28 IST" name="Suite" finished-at="2025-12-25T20:07:36 IST" duration-ms="8162">
    <groups>
    </groups>
    <test started-at="2025-12-25T20:07:28 IST" name="chrome" finished-at="2025-12-25T20:07:36 IST" duration-ms="8162">
      <class name="org.testng.Project2">
        <test-method signature="navenlab_Automation(java.lang.String)[pri:0, instance:org.testng.Project2@793be5ca]" started-at="2025-12-25T20:07:28 IST" name="navenlab_Automation" finished-at="2025-12-25T20:07:36 IST" duration-ms="8091" status="PASS">
          <params>
            <param index="0">
              <value>
                <![CDATA[chrome]]>
              </value>
            </param>
          </params>
          <reporter-output>
          </reporter-output>
        </test-method> <!-- navenlab_Automation -->
      </class> <!-- org.testng.Project2 -->
    </test> <!-- chrome -->
  </suite> <!-- Suite -->
</testng-results>
