<?xml version="1.0" encoding="UTF-8"?>
<testng-results ignored="0" total="3" passed="2" failed="1" skipped="0">
  <reporter-output>
  </reporter-output>
  <suite started-at="2025-12-25T20:22:05 IST" name="Suite" finished-at="2025-12-25T20:22:14 IST" duration-ms="9462">
    <groups>
    </groups>
    <test started-at="2025-12-25T20:22:05 IST" name="chrome" finished-at="2025-12-25T20:22:14 IST" duration-ms="9462">
      <class name="org.practise.Project_2">
        <test-method is-config="true" signature="report()[pri:0, instance:org.practise.Project_2@35aea049]" started-at="2025-12-25T20:22:05 IST" name="report" finished-at="2025-12-25T20:22:05 IST" duration-ms="384" status="PASS">
          <reporter-output>
          </reporter-output>
        </test-method> <!-- report -->
        <test-method signature="Method_THREE()[pri:0, instance:org.practise.Project_2@35aea049]" started-at="2025-12-25T20:22:05 IST" name="Method_THREE" finished-at="2025-12-25T20:22:05 IST" duration-ms="17" status="PASS">
          <reporter-output>
          </reporter-output>
        </test-method> <!-- Method_THREE -->
        <test-method signature="Method_TWO()[pri:0, instance:org.practise.Project_2@35aea049]" started-at="2025-12-25T20:22:05 IST" name="Method_TWO" finished-at="2025-12-25T20:22:05 IST" duration-ms="10" status="PASS">
          <reporter-output>
          </reporter-output>
        </test-method> <!-- Method_TWO -->
        <test-method signature="navenlabs()[pri:0, instance:org.practise.Project_2@35aea049]" started-at="2025-12-25T20:22:05 IST" name="navenlabs" finished-at="2025-12-25T20:22:14 IST" duration-ms="8766" status="FAIL">
          <exception class="java.lang.AssertionError">
            <message>
              <![CDATA[null]]>
            </message>
            <full-stacktrace>
              <![CDATA[java.lang.AssertionError: null
at org.testng.Assert.fail(Assert.java:111)
at org.testng.Assert.fail(Assert.java:116)
at org.practise.Project_2.navenlabs(Project_2.java:56)
at java.base/jdk.internal.reflect.DirectMethodHandleAccessor.invoke(DirectMethodHandleAccessor.java:103)
at java.base/java.lang.reflect.Method.invoke(Method.java:580)
at org.testng.internal.invokers.MethodInvocationHelper.invokeMethod(MethodInvocationHelper.java:141)
at org.testng.internal.invokers.TestInvoker.invokeMethod(TestInvoker.java:686)
at org.testng.internal.invokers.TestInvoker.invokeTestMethod(TestInvoker.java:230)
at org.testng.internal.invokers.MethodRunner.runInSequence(MethodRunner.java:63)
at org.testng.internal.invokers.TestInvoker$MethodInvocationAgent.invoke(TestInvoker.java:992)
at org.testng.internal.invokers.TestInvoker.invokeTestMethods(TestInvoker.java:203)
at org.testng.internal.invokers.TestMethodWorker.invokeTestMethods(TestMethodWorker.java:154)
at org.testng.internal.invokers.TestMethodWorker.run(TestMethodWorker.java:134)
at java.base/java.util.concurrent.Executors$RunnableAdapter.call(Executors.java:572)
at java.base/java.util.concurrent.FutureTask.run(FutureTask.java:317)
at org.testng.internal.thread.graph.TestNGFutureTask.run(TestNGFutureTask.java:22)
at java.base/java.util.concurrent.ThreadPoolExecutor.runWorker(ThreadPoolExecutor.java:1144)
at java.base/java.util.concurrent.ThreadPoolExecutor$Worker.run(ThreadPoolExecutor.java:642)
at java.base/java.lang.Thread.run(Thread.java:1583)
]]>
            </full-stacktrace>
          </exception> <!-- java.lang.AssertionError -->
          <reporter-output>
          </reporter-output>
        </test-method> <!-- navenlabs -->
      </class> <!-- org.practise.Project_2 -->
    </test> <!-- chrome -->
  </suite> <!-- Suite -->
</testng-results>
