<?xml version="1.0" encoding="UTF-8"?>
<testng-results ignored="0" total="2" passed="2" failed="0" skipped="0">
  <reporter-output>
  </reporter-output>
  <suite started-at="2025-12-21T21:29:51 IST" name="Suite" finished-at="2025-12-21T21:30:38 IST" duration-ms="46655">
    <groups>
    </groups>
    <test started-at="2025-12-21T21:29:51 IST" name="chrome" finished-at="2025-12-21T21:29:59 IST" duration-ms="8347">
      <class name="org.testng.Project2">
        <test-method signature="navenlab_Automation(java.lang.String)[pri:0, instance:org.testng.Project2@793be5ca]" started-at="2025-12-21T21:29:51 IST" name="navenlab_Automation" finished-at="2025-12-21T21:29:59 IST" duration-ms="8240" status="PASS">
          <params>
            <param index="0">
              <value>
                <![CDATA[chrome]]>
              </value>
            </param>
          </params>
          <reporter-output>
          </reporter-output>
        </test-method> <!-- navenlab_Automation -->
      </class> <!-- org.testng.Project2 -->
    </test> <!-- chrome -->
    <test started-at="2025-12-21T21:30:00 IST" name="firefox" finished-at="2025-12-21T21:30:38 IST" duration-ms="38221">
      <class name="org.testng.Project2">
        <test-method signature="navenlab_Automation(java.lang.String)[pri:0, instance:org.testng.Project2@1b2abca6]" started-at="2025-12-21T21:30:00 IST" name="navenlab_Automation" finished-at="2025-12-21T21:30:38 IST" duration-ms="38213" status="PASS">
          <params>
            <param index="0">
              <value>
                <![CDATA[firefox]]>
              </value>
            </param>
          </params>
          <reporter-output>
          </reporter-output>
        </test-method> <!-- navenlab_Automation -->
      </class> <!-- org.testng.Project2 -->
    </test> <!-- firefox -->
  </suite> <!-- Suite -->
</testng-results>
